<?xml version="1.0" encoding="UTF-8"?>
<!-- Generated by org.testng.reporters.JUnitReportReporter -->
<testsuite hostname="LAPTOP-N67953PD" failures="0" tests="5" name="practice.widgetsTests.DatePickerTest" time="2.965" errors="0" timestamp="2025-08-05T14:44:04 IST" skipped="0">
  <testcase classname="practice.widgetsTests.DatePickerTest" name="clickOnClose" time="0.738"/>
  <testcase classname="practice.widgetsTests.DatePickerTest" name="clickOnPractice" time="1.914"/>
  <testcase classname="practice.widgetsTests.DatePickerTest" name="clickOnWidgets" time="0.130"/>
  <testcase classname="practice.widgetsTests.DatePickerTest" name="clickOnDatePicker" time="0.133"/>
  <testcase classname="practice.widgetsTests.DatePickerTest" name="enterDate" time="0.050"/>
</testsuite> <!-- practice.widgetsTests.DatePickerTest -->
