<?xml version="1.0" encoding="UTF-8"?>
<!-- Generated by org.testng.reporters.JUnitReportReporter -->
<testsuite hostname="LAPTOP-N67953PD" failures="0" tests="7" name="practice.elementsTests.ButtonTest" time="0.000" errors="0" timestamp="2025-08-05T13:01:50 IST" skipped="7">
  <testcase classname="practice.elementsTests.ButtonTest" name="clickOnClose" time="0.000">
    <skipped/>
  </testcase> <!-- clickOnClose -->
  <testcase classname="practice.elementsTests.ButtonTest" name="clickOnPractice" time="0.000">
    <skipped/>
  </testcase> <!-- clickOnPractice -->
  <testcase classname="practice.elementsTests.ButtonTest" name="clickOnElements" time="0.000">
    <skipped/>
  </testcase> <!-- clickOnElements -->
  <testcase classname="practice.elementsTests.ButtonTest" name="clickOnButtons" time="0.000">
    <skipped/>
  </testcase> <!-- clickOnButtons -->
  <testcase classname="practice.elementsTests.ButtonTest" name="clickOnDoubleClickButton" time="0.000">
    <skipped/>
  </testcase> <!-- clickOnDoubleClickButton -->
  <testcase classname="practice.elementsTests.ButtonTest" name="clickOnRightClickButton" time="0.000">
    <skipped/>
  </testcase> <!-- clickOnRightClickButton -->
  <testcase classname="practice.elementsTests.ButtonTest" name="clickOnSingleClickButton" time="0.000">
    <skipped/>
  </testcase> <!-- clickOnSingleClickButton -->
</testsuite> <!-- practice.elementsTests.ButtonTest -->
