<?xml version="1.0" encoding="UTF-8"?>
<!-- Generated by org.testng.reporters.JUnitReportReporter -->
<testsuite hostname="LAPTOP-N67953PD" failures="0" tests="8" name="practice.elementsTests.WebTableTest" time="0.000" errors="0" timestamp="2025-08-02T15:02:37 IST" skipped="8">
  <testcase classname="practice.elementsTests.WebTableTest" name="clickOnClose" time="0.000">
    <skipped/>
  </testcase> <!-- clickOnClose -->
  <testcase classname="practice.elementsTests.WebTableTest" name="clickOnPractice" time="0.000">
    <skipped/>
  </testcase> <!-- clickOnPractice -->
  <testcase classname="practice.elementsTests.WebTableTest" name="clickOnElements" time="0.000">
    <skipped/>
  </testcase> <!-- clickOnElements -->
  <testcase classname="practice.elementsTests.WebTableTest" name="clickOnWebTable" time="0.000">
    <skipped/>
  </testcase> <!-- clickOnWebTable -->
  <testcase classname="practice.elementsTests.WebTableTest" name="enterDataInWebTable" time="0.000">
    <skipped/>
  </testcase> <!-- enterDataInWebTable -->
  <testcase classname="practice.elementsTests.WebTableTest" name="clickOnEdit" time="0.000">
    <skipped/>
  </testcase> <!-- clickOnEdit -->
  <testcase classname="practice.elementsTests.WebTableTest" name="clicOnCancel" time="0.000">
    <skipped/>
  </testcase> <!-- clicOnCancel -->
  <testcase classname="practice.elementsTests.WebTableTest" name="validateWebTableData">
    <skipped/>
  </testcase> <!-- validateWebTableData -->
</testsuite> <!-- practice.elementsTests.WebTableTest -->
