<?xml version="1.0" encoding="UTF-8"?>
<!-- Generated by org.testng.reporters.JUnitReportReporter -->
<testsuite hostname="LAPTOP-N67953PD" failures="0" tests="7" name="practice.elementsTests.RadioButtonTest" time="0.000" errors="0" timestamp="2025-08-05T13:01:50 IST" skipped="7">
  <testcase classname="practice.elementsTests.RadioButtonTest" name="clickOnClose" time="0.000">
    <skipped/>
  </testcase> <!-- clickOnClose -->
  <testcase classname="practice.elementsTests.RadioButtonTest" name="clickOnPractice" time="0.000">
    <skipped/>
  </testcase> <!-- clickOnPractice -->
  <testcase classname="practice.elementsTests.RadioButtonTest" name="clickOnElements" time="0.000">
    <skipped/>
  </testcase> <!-- clickOnElements -->
  <testcase classname="practice.elementsTests.RadioButtonTest" name="clickOnRadioButtons" time="0.000">
    <skipped/>
  </testcase> <!-- clickOnRadioButtons -->
  <testcase classname="practice.elementsTests.RadioButtonTest" name="clickOnYesRadioButton" time="0.000">
    <skipped/>
  </testcase> <!-- clickOnYesRadioButton -->
  <testcase classname="practice.elementsTests.RadioButtonTest" name="clickOnImpressiveRadioButton" time="0.000">
    <skipped/>
  </testcase> <!-- clickOnImpressiveRadioButton -->
  <testcase classname="practice.elementsTests.RadioButtonTest" name="clickOnNoRadioButton" time="0.000">
    <skipped/>
  </testcase> <!-- clickOnNoRadioButton -->
</testsuite> <!-- practice.elementsTests.RadioButtonTest -->
