<?xml version="1.0" encoding="UTF-8"?>
<!-- Generated by org.testng.reporters.JUnitReportReporter -->
<testsuite hostname="LAPTOP-N67953PD" failures="0" tests="5" name="practice.alertsFrameAndWindowsTests.NestedFramesTest" time="0.000" errors="0" timestamp="2025-08-05T13:01:50 IST" skipped="5">
  <testcase classname="practice.alertsFrameAndWindowsTests.NestedFramesTest" name="clickOnClose" time="0.000">
    <skipped/>
  </testcase> <!-- clickOnClose -->
  <testcase classname="practice.alertsFrameAndWindowsTests.NestedFramesTest" name="clickOnPractice" time="0.000">
    <skipped/>
  </testcase> <!-- clickOnPractice -->
  <testcase classname="practice.alertsFrameAndWindowsTests.NestedFramesTest" name="clickOnAlertsFrameAndWindows" time="0.000">
    <skipped/>
  </testcase> <!-- clickOnAlertsFrameAndWindows -->
  <testcase classname="practice.alertsFrameAndWindowsTests.NestedFramesTest" name="clickOnNestedFrames" time="0.000">
    <skipped/>
  </testcase> <!-- clickOnNestedFrames -->
  <testcase classname="practice.alertsFrameAndWindowsTests.NestedFramesTest" name="getInnerFrameText" time="0.000">
    <skipped/>
  </testcase> <!-- getInnerFrameText -->
</testsuite> <!-- practice.alertsFrameAndWindowsTests.NestedFramesTest -->
