<?xml version="1.0" encoding="UTF-8"?>
<!-- Generated by org.testng.reporters.JUnitReportReporter -->
<testsuite hostname="LAPTOP-N67953PD" failures="0" tests="6" name="practice.alertsFrameAndWindowsTests.FramesTest" time="0.000" errors="0" timestamp="2025-08-05T13:01:50 IST" skipped="6">
  <testcase classname="practice.alertsFrameAndWindowsTests.FramesTest" name="clickOnClose" time="0.000">
    <skipped/>
  </testcase> <!-- clickOnClose -->
  <testcase classname="practice.alertsFrameAndWindowsTests.FramesTest" name="clickOnPractice" time="0.000">
    <skipped/>
  </testcase> <!-- clickOnPractice -->
  <testcase classname="practice.alertsFrameAndWindowsTests.FramesTest" name="clickOnAlertsFrameAndWindows" time="0.000">
    <skipped/>
  </testcase> <!-- clickOnAlertsFrameAndWindows -->
  <testcase classname="practice.alertsFrameAndWindowsTests.FramesTest" name="clickOnAlerts" time="0.000">
    <skipped/>
  </testcase> <!-- clickOnAlerts -->
  <testcase classname="practice.alertsFrameAndWindowsTests.FramesTest" name="enterInFrame1" time="0.000">
    <skipped/>
  </testcase> <!-- enterInFrame1 -->
  <testcase classname="practice.alertsFrameAndWindowsTests.FramesTest" name="enterInFrame2" time="0.000">
    <skipped/>
  </testcase> <!-- enterInFrame2 -->
</testsuite> <!-- practice.alertsFrameAndWindowsTests.FramesTest -->
