<?xml version="1.0" encoding="UTF-8"?>
<!-- Generated by org.testng.reporters.JUnitReportReporter -->
<testsuite hostname="LAPTOP-N67953PD" failures="0" tests="7" name="practice.elementsTests.CheckBoxTest" time="0.000" errors="0" timestamp="2025-08-05T13:01:50 IST" skipped="7">
  <testcase classname="practice.elementsTests.CheckBoxTest" name="clickOnClose" time="0.000">
    <skipped/>
  </testcase> <!-- clickOnClose -->
  <testcase classname="practice.elementsTests.CheckBoxTest" name="clickOnPractice" time="0.000">
    <skipped/>
  </testcase> <!-- clickOnPractice -->
  <testcase classname="practice.elementsTests.CheckBoxTest" name="clickOnElements" time="0.000">
    <skipped/>
  </testcase> <!-- clickOnElements -->
  <testcase classname="practice.elementsTests.CheckBoxTest" name="clickCheckBox" time="0.000">
    <skipped/>
  </testcase> <!-- clickCheckBox -->
  <testcase classname="practice.elementsTests.CheckBoxTest" name="clickMobileCheckBox" time="0.000">
    <skipped/>
  </testcase> <!-- clickMobileCheckBox -->
  <testcase classname="practice.elementsTests.CheckBoxTest" name="clickLaptopCheckBox" time="0.000">
    <skipped/>
  </testcase> <!-- clickLaptopCheckBox -->
  <testcase classname="practice.elementsTests.CheckBoxTest" name="clickDesktopCheckBox" time="0.000">
    <skipped/>
  </testcase> <!-- clickDesktopCheckBox -->
</testsuite> <!-- practice.elementsTests.CheckBoxTest -->
