<?xml version="1.0" encoding="UTF-8"?>
<!-- Generated by org.testng.reporters.JUnitReportReporter -->
<testsuite hostname="LAPTOP-N67953PD" failures="0" tests="5" name="practice.elementsTests.TextBoxTest" time="0.000" errors="0" timestamp="2025-08-02T15:02:37 IST" skipped="5">
  <testcase classname="practice.elementsTests.TextBoxTest" name="clickOnClose" time="0.000">
    <skipped/>
  </testcase> <!-- clickOnClose -->
  <testcase classname="practice.elementsTests.TextBoxTest" name="clickOnPractice" time="0.000">
    <skipped/>
  </testcase> <!-- clickOnPractice -->
  <testcase classname="practice.elementsTests.TextBoxTest" name="clickOnElements" time="0.000">
    <skipped/>
  </testcase> <!-- clickOnElements -->
  <testcase classname="practice.elementsTests.TextBoxTest" name="clickOnTextBox" time="0.000">
    <skipped/>
  </testcase> <!-- clickOnTextBox -->
  <testcase classname="practice.elementsTests.TextBoxTest" name="formFillUp" time="0.000">
    <skipped/>
  </testcase> <!-- formFillUp -->
</testsuite> <!-- practice.elementsTests.TextBoxTest -->
