<?xml version="1.0" encoding="UTF-8"?>
<!-- Generated by org.testng.reporters.JUnitReportReporter -->
<testsuite hostname="LAPTOP-N67953PD" failures="0" tests="5" name="practice.widgetsTests.DatePickerTest" time="5.209" errors="0" timestamp="2025-08-05T13:09:11 IST" skipped="0">
  <testcase classname="practice.widgetsTests.DatePickerTest" name="clickOnClose" time="0.709"/>
  <testcase classname="practice.widgetsTests.DatePickerTest" name="clickOnPractice" time="3.908"/>
  <testcase classname="practice.widgetsTests.DatePickerTest" name="clickOnWidgets" time="0.231"/>
  <testcase classname="practice.widgetsTests.DatePickerTest" name="clickOnDatePicker" time="0.224"/>
  <testcase classname="practice.widgetsTests.DatePickerTest" name="enterDate" time="0.137"/>
</testsuite> <!-- practice.widgetsTests.DatePickerTest -->
