<?xml version="1.0" encoding="UTF-8"?>
<!-- Generated by org.testng.reporters.JUnitReportReporter -->
<testsuite hostname="LAPTOP-N67953PD" failures="0" tests="3" name="practice.elementsTests.LoginTest" time="0.000" errors="0" timestamp="2025-08-02T15:02:37 IST" skipped="3">
  <testcase classname="practice.elementsTests.LoginTest" name="userLogin" time="0.000">
    <skipped/>
  </testcase> <!-- userLogin -->
  <testcase classname="practice.elementsTests.LoginTest" name="userLogin" time="0.000">
    <skipped/>
  </testcase> <!-- userLogin -->
  <testcase classname="practice.elementsTests.LoginTest" name="userLogin" time="0.000">
    <skipped/>
  </testcase> <!-- userLogin -->
</testsuite> <!-- practice.elementsTests.LoginTest -->
