<?xml version="1.0" encoding="UTF-8"?>
<!-- Generated by org.testng.reporters.JUnitReportReporter -->
<testsuite hostname="LAPTOP-N67953PD" failures="0" tests="7" name="practice.widgetsTests.SelectMenuTest" time="0.000" errors="0" timestamp="2025-08-05T13:01:50 IST" skipped="7">
  <testcase classname="practice.widgetsTests.SelectMenuTest" name="clickOnClose" time="0.000">
    <skipped/>
  </testcase> <!-- clickOnClose -->
  <testcase classname="practice.widgetsTests.SelectMenuTest" name="clickOnPractice" time="0.000">
    <skipped/>
  </testcase> <!-- clickOnPractice -->
  <testcase classname="practice.widgetsTests.SelectMenuTest" name="clickOnWidgets" time="0.000">
    <skipped/>
  </testcase> <!-- clickOnWidgets -->
  <testcase classname="practice.widgetsTests.SelectMenuTest" name="clickOnSelectMenu" time="0.000">
    <skipped/>
  </testcase> <!-- clickOnSelectMenu -->
  <testcase classname="practice.widgetsTests.SelectMenuTest" name="chooseSelectValueOptions" time="0.000">
    <skipped/>
  </testcase> <!-- chooseSelectValueOptions -->
  <testcase classname="practice.widgetsTests.SelectMenuTest" name="chooseSelectOneOption" time="0.000">
    <skipped/>
  </testcase> <!-- chooseSelectOneOption -->
  <testcase classname="practice.widgetsTests.SelectMenuTest" name="chooseMultipleOptions" time="0.000">
    <skipped/>
  </testcase> <!-- chooseMultipleOptions -->
</testsuite> <!-- practice.widgetsTests.SelectMenuTest -->
