<?xml version="1.0" encoding="UTF-8"?>
<!-- Generated by org.testng.reporters.JUnitReportReporter -->
<testsuite hostname="LAPTOP-N67953PD" failures="0" tests="7" name="practice.alertsFrameAndWindowsTests.BrowserWindowsTest" time="0.000" errors="0" timestamp="2025-08-02T15:02:37 IST" skipped="7">
  <testcase classname="practice.alertsFrameAndWindowsTests.BrowserWindowsTest" name="clickOnClose" time="0.000">
    <skipped/>
  </testcase> <!-- clickOnClose -->
  <testcase classname="practice.alertsFrameAndWindowsTests.BrowserWindowsTest" name="clickOnPractice" time="0.000">
    <skipped/>
  </testcase> <!-- clickOnPractice -->
  <testcase classname="practice.alertsFrameAndWindowsTests.BrowserWindowsTest" name="clickOnAlertsFrameAndWindows" time="0.000">
    <skipped/>
  </testcase> <!-- clickOnAlertsFrameAndWindows -->
  <testcase classname="practice.alertsFrameAndWindowsTests.BrowserWindowsTest" name="clickOnAlerts" time="0.000">
    <skipped/>
  </testcase> <!-- clickOnAlerts -->
  <testcase classname="practice.alertsFrameAndWindowsTests.BrowserWindowsTest" name="clickOnNewTabButton" time="0.000">
    <skipped/>
  </testcase> <!-- clickOnNewTabButton -->
  <testcase classname="practice.alertsFrameAndWindowsTests.BrowserWindowsTest" name="clickOnNewWindowButton" time="0.000">
    <skipped/>
  </testcase> <!-- clickOnNewWindowButton -->
  <testcase classname="practice.alertsFrameAndWindowsTests.BrowserWindowsTest" name="clickOnNewWindowMessageButton" time="0.000">
    <skipped/>
  </testcase> <!-- clickOnNewWindowMessageButton -->
</testsuite> <!-- practice.alertsFrameAndWindowsTests.BrowserWindowsTest -->
