<?xml version="1.0" encoding="UTF-8"?>
<!-- Generated by org.testng.reporters.JUnitReportReporter -->
<testsuite hostname="LAPTOP-N67953PD" failures="0" tests="6" name="practice.alertsFrameAndWindowsTests.ModalDialogsTest" time="0.000" errors="0" timestamp="2025-08-02T15:02:37 IST" skipped="6">
  <testcase classname="practice.alertsFrameAndWindowsTests.ModalDialogsTest" name="clickOnClose" time="0.000">
    <skipped/>
  </testcase> <!-- clickOnClose -->
  <testcase classname="practice.alertsFrameAndWindowsTests.ModalDialogsTest" name="clickOnPractice" time="0.000">
    <skipped/>
  </testcase> <!-- clickOnPractice -->
  <testcase classname="practice.alertsFrameAndWindowsTests.ModalDialogsTest" name="clickOnAlertsFrameAndWindows" time="0.000">
    <skipped/>
  </testcase> <!-- clickOnAlertsFrameAndWindows -->
  <testcase classname="practice.alertsFrameAndWindowsTests.ModalDialogsTest" name="clickOnModalDialogs" time="0.000">
    <skipped/>
  </testcase> <!-- clickOnModalDialogs -->
  <testcase classname="practice.alertsFrameAndWindowsTests.ModalDialogsTest" name="smallDialogModal" time="0.000">
    <skipped/>
  </testcase> <!-- smallDialogModal -->
  <testcase classname="practice.alertsFrameAndWindowsTests.ModalDialogsTest" name="largeDialogModal" time="0.000">
    <skipped/>
  </testcase> <!-- largeDialogModal -->
</testsuite> <!-- practice.alertsFrameAndWindowsTests.ModalDialogsTest -->
